This is pdfTeX, Version 3.1415926-2.5-1.40.14 (TeX Live 2013/Debian) (format=pdflatex 2015.5.11)  7 SEP 2015 19:24
entering extended mode
 restricted \write18 enabled.
 %&-line parsing enabled.
**thesis.tex
(./thesis.tex
LaTeX2e <2011/06/27>
Babel <3.9h> and hyphenation patterns for 4 languages loaded.
(./beavtex.cls
Document Class: beavtex 2011/10/01 v1.0 BeavTeX: OSU thesis class
(/usr/share/texlive/texmf-dist/tex/latex/setspace/setspace.sty
Package: setspace 2011/12/19 v6.7a set line spacing
)
(/usr/share/texlive/texmf-dist/tex/latex/base/ifthen.sty
Package: ifthen 2001/05/26 v1.1c Standard LaTeX ifthen package (DPC)
)
(/usr/share/texlive/texmf-dist/tex/generic/ulem/ulem.sty
\UL@box=\box26
\UL@hyphenbox=\box27
\UL@skip=\skip41
\UL@hook=\toks14
\UL@height=\dimen102
\UL@pe=\count79
\UL@pixel=\dimen103
\ULC@box=\box28
Package: ulem 2012/05/18
\ULdepth=\dimen104
)
(/usr/share/texlive/texmf-dist/tex/latex/base/book.cls
Document Class: book 2007/10/19 v1.4h Standard LaTeX document class
(/usr/share/texlive/texmf-dist/tex/latex/base/bk12.clo
File: bk12.clo 2007/10/19 v1.4h Standard LaTeX file (size option)
)
\c@part=\count80
\c@chapter=\count81
\c@section=\count82
\c@subsection=\count83
\c@subsubsection=\count84
\c@paragraph=\count85
\c@subparagraph=\count86
\c@figure=\count87
\c@table=\count88
\abovecaptionskip=\skip42
\belowcaptionskip=\skip43
\bibindent=\dimen105
))
(/usr/share/texlive/texmf-dist/tex/latex/graphics/graphicx.sty
Package: graphicx 1999/02/16 v1.0f Enhanced LaTeX Graphics (DPC,SPQR)

(/usr/share/texlive/texmf-dist/tex/latex/graphics/keyval.sty
Package: keyval 1999/03/16 v1.13 key=value parser (DPC)
\KV@toks@=\toks15
)
(/usr/share/texlive/texmf-dist/tex/latex/graphics/graphics.sty
Package: graphics 2009/02/05 v1.0o Standard LaTeX Graphics (DPC,SPQR)

(/usr/share/texlive/texmf-dist/tex/latex/graphics/trig.sty
Package: trig 1999/03/16 v1.09 sin cos tan (DPC)
)
(/usr/share/texlive/texmf-dist/tex/latex/latexconfig/graphics.cfg
File: graphics.cfg 2010/04/23 v1.9 graphics configuration of TeX Live
)
Package graphics Info: Driver file: pdftex.def on input line 91.

(/usr/share/texlive/texmf-dist/tex/latex/pdftex-def/pdftex.def
File: pdftex.def 2011/05/27 v0.06d Graphics/color for pdfTeX

(/usr/share/texlive/texmf-dist/tex/generic/oberdiek/infwarerr.sty
Package: infwarerr 2010/04/08 v1.3 Providing info/warning/error messages (HO)
)
(/usr/share/texlive/texmf-dist/tex/generic/oberdiek/ltxcmds.sty
Package: ltxcmds 2011/11/09 v1.22 LaTeX kernel commands for general use (HO)
)
\Gread@gobject=\count89
))
\Gin@req@height=\dimen106
\Gin@req@width=\dimen107
)
(./thesis.aux)
\openout1 = `thesis.aux'.

LaTeX Font Info:    Checking defaults for OML/cmm/m/it on input line 30.
LaTeX Font Info:    ... okay on input line 30.
LaTeX Font Info:    Checking defaults for T1/cmr/m/n on input line 30.
LaTeX Font Info:    ... okay on input line 30.
LaTeX Font Info:    Checking defaults for OT1/cmr/m/n on input line 30.
LaTeX Font Info:    ... okay on input line 30.
LaTeX Font Info:    Checking defaults for OMS/cmsy/m/n on input line 30.
LaTeX Font Info:    ... okay on input line 30.
LaTeX Font Info:    Checking defaults for OMX/cmex/m/n on input line 30.
LaTeX Font Info:    ... okay on input line 30.
LaTeX Font Info:    Checking defaults for U/cmr/m/n on input line 30.
LaTeX Font Info:    ... okay on input line 30.
 (/usr/share/texlive/texmf-dist/tex/context/base/supp-pdf.mkii
[Loading MPS to PDF converter (version 2006.09.02).]
\scratchcounter=\count90
\scratchdimen=\dimen108
\scratchbox=\box29
\nofMPsegments=\count91
\nofMParguments=\count92
\everyMPshowfont=\toks16
\MPscratchCnt=\count93
\MPscratchDim=\dimen109
\MPnumerator=\count94
\makeMPintoPDFobject=\count95
\everyMPtoPDFconversion=\toks17
) (/usr/share/texlive/texmf-dist/tex/generic/oberdiek/pdftexcmds.sty
Package: pdftexcmds 2011/11/29 v0.20 Utility functions of pdfTeX for LuaTeX (HO
)

(/usr/share/texlive/texmf-dist/tex/generic/oberdiek/ifluatex.sty
Package: ifluatex 2010/03/01 v1.3 Provides the ifluatex switch (HO)
Package ifluatex Info: LuaTeX not detected.
)
(/usr/share/texlive/texmf-dist/tex/generic/oberdiek/ifpdf.sty
Package: ifpdf 2011/01/30 v2.3 Provides the ifpdf switch (HO)
Package ifpdf Info: pdfTeX in PDF mode is detected.
)
Package pdftexcmds Info: LuaTeX not detected.
Package pdftexcmds Info: \pdf@primitive is available.
Package pdftexcmds Info: \pdf@ifprimitive is available.
Package pdftexcmds Info: \pdfdraftmode found.
)
(/usr/share/texlive/texmf-dist/tex/latex/oberdiek/epstopdf-base.sty
Package: epstopdf-base 2010/02/09 v2.5 Base part for package epstopdf

(/usr/share/texlive/texmf-dist/tex/latex/oberdiek/grfext.sty
Package: grfext 2010/08/19 v1.1 Manage graphics extensions (HO)

(/usr/share/texlive/texmf-dist/tex/generic/oberdiek/kvdefinekeys.sty
Package: kvdefinekeys 2011/04/07 v1.3 Define keys (HO)
))
(/usr/share/texlive/texmf-dist/tex/latex/oberdiek/kvoptions.sty
Package: kvoptions 2011/06/30 v3.11 Key value format for package options (HO)

(/usr/share/texlive/texmf-dist/tex/generic/oberdiek/kvsetkeys.sty
Package: kvsetkeys 2012/04/25 v1.16 Key value parser (HO)

(/usr/share/texlive/texmf-dist/tex/generic/oberdiek/etexcmds.sty
Package: etexcmds 2011/02/16 v1.5 Avoid name clashes with e-TeX commands (HO)
Package etexcmds Info: Could not find \expanded.
(etexcmds)             That can mean that you are not using pdfTeX 1.50 or
(etexcmds)             that some package has redefined \expanded.
(etexcmds)             In the latter case, load this package earlier.
)))
Package grfext Info: Graphics extension search list:
(grfext)             [.png,.pdf,.jpg,.mps,.jpeg,.jbig2,.jb2,.PNG,.PDF,.JPG,.JPE
G,.JBIG2,.JB2,.eps]
(grfext)             \AppendGraphicsExtensions on input line 452.

(/usr/share/texlive/texmf-dist/tex/latex/latexconfig/epstopdf-sys.cfg
File: epstopdf-sys.cfg 2010/07/13 v1.3 Configuration of (r)epstopdf for TeX Liv
e
))
(./thesis.lot)
\tf@lot=\write3
\openout3 = `thesis.lot'.

 [1



] [2{/var/lib/texmf/fonts/map/pdftex/updmap/pdftex.map}]
[3]
LaTeX Font Info:    External font `cmex10' loaded for size
(Font)              <12> on input line 36.
LaTeX Font Info:    External font `cmex10' loaded for size
(Font)              <8> on input line 36.
LaTeX Font Info:    External font `cmex10' loaded for size
(Font)              <6> on input line 36.
LaTeX Font Info:    Try loading font information for OMS+cmr on input line 36.
 (/usr/share/texlive/texmf-dist/tex/latex/base/omscmr.fd
File: omscmr.fd 1999/05/25 v2.5h Standard LaTeX font definitions
)
LaTeX Font Info:    Font shape `OMS/cmr/m/n' in size <12> not available
(Font)              Font shape `OMS/cmsy/m/n' tried instead on input line 36.
 [4

] [5

] [6

]
[7

] (./thesis.toc
Overfull \hbox (2.61108pt too wide) has occurred while \output is active
$[]$ 
 []

[8


])
\tf@toc=\write4
\openout4 = `thesis.toc'.


Overfull \hbox (2.61108pt too wide) has occurred while \output is active
$[]$ 
 []

[9] (./thesis.lof)
\tf@lof=\write5
\openout5 = `thesis.lof'.


Overfull \hbox (2.61108pt too wide) has occurred while \output is active
$[]$ 
 []

[10

] (./thesis.lot)
\tf@lot=\write6
\openout6 = `thesis.lot'.

 (./thesis.loap)
\tf@loap=\write7
\openout7 = `thesis.loap'.

 (./thesis.loaf)
\tf@loaf=\write8
\openout8 = `thesis.loaf'.

 (./thesis.loat)
\tf@loat=\write9
\openout9 = `thesis.loat'.


Chapter 1.
<images/onion.png, id=36, 431.6125pt x 197.73875pt>
File: images/onion.png Graphic file (type png)
 <use images/onion.png>
Package pdftex.def Info: images/onion.png used on input line 45.
(pdftex.def)             Requested size: 256.0748pt x 117.3226pt.

[1






] [2 <./images/onion.png>] [3] [4]
Chapter 2.
[5

] [6] [7]
Chapter 3.
[8

] <images/bitergia.jpg, id=62, 602.25pt x 301.125pt>
File: images/bitergia.jpg Graphic file (type jpg)

<use images/bitergia.jpg>
Package pdftex.def Info: images/bitergia.jpg used on input line 87.
(pdftex.def)             Requested size: 256.0748pt x 128.04305pt.
 [9 <./images/bitergia.jpg>]
<images/age2.png, id=68, 687.56876pt x 541.02126pt>
File: images/age2.png Graphic file (type png)
 <use images/age2.png>
Package pdftex.def Info: images/age2.png used on input line 105.
(pdftex.def)             Requested size: 256.0748pt x 201.49557pt.

<images/age1.png, id=69, 819.06pt x 536.0025pt>
File: images/age1.png Graphic file (type png)
 <use images/age1.png>
Package pdftex.def Info: images/age1.png used on input line 111.
(pdftex.def)             Requested size: 256.0748pt x 167.58215pt.
 [10]
[11 <./images/age2.png> <./images/age1.png>]
<images/work1.png, id=77, 643.40375pt x 421.575pt>
File: images/work1.png Graphic file (type png)
 <use images/work1.png>
Package pdftex.def Info: images/work1.png used on input line 123.
(pdftex.def)             Requested size: 256.0748pt x 167.79076pt.

<images/work2.png, id=78, 789.95125pt x 470.75874pt>
File: images/work2.png Graphic file (type png)
 <use images/work2.png>
Package pdftex.def Info: images/work2.png used on input line 129.
(pdftex.def)             Requested size: 256.0748pt x 152.5997pt.

[12 <./images/work1.png>] [13 <./images/work2.png>]
Chapter 4.
<images/pop1.jpg, id=85, 834.11626pt x 554.07pt>
File: images/pop1.jpg Graphic file (type jpg)
 <use images/pop1.jpg>
Package pdftex.def Info: images/pop1.jpg used on input line 153.
(pdftex.def)             Requested size: 256.0748pt x 170.10286pt.
 [14

]
[15 <./images/pop1.jpg>] [16]
<images/image11.PNG, id=96, 340.27126pt x 412.54124pt>
File: images/image11.PNG Graphic file (type png)

<use images/image11.PNG>
Package pdftex.def Info: images/image11.PNG used on input line 180.
(pdftex.def)             Requested size: 256.0748pt x 310.4753pt.

<images/image12.PNG, id=98, 514.17094pt x 414.04688pt>
File: images/image12.PNG Graphic file (type png)

<use images/image12.PNG>
Package pdftex.def Info: images/image12.PNG used on input line 186.
(pdftex.def)             Requested size: 256.0748pt x 206.21423pt.
 <images/image1.PNG, id=99, 983.92593pt x 258.21469pt>
File: images/image1.PNG Graphic file (type png)

<use images/image1.PNG>
Package pdftex.def Info: images/image1.PNG used on input line 195.
(pdftex.def)             Requested size: 312.97104pt x 142.26672pt.
 <images/image2.PNG, id=100, 983.92593pt x 271.0125pt>
File: images/image2.PNG Graphic file (type png)

<use images/image2.PNG>
Package pdftex.def Info: images/image2.PNG used on input line 201.
(pdftex.def)             Requested size: 312.97104pt x 142.26714pt.
 <images/image3.PNG, id=101, 712.91344pt x 364.36125pt>
File: images/image3.PNG Graphic file (type png)

<use images/image3.PNG>
Package pdftex.def Info: images/image3.PNG used on input line 207.
(pdftex.def)             Requested size: 312.9758pt x 142.26154pt.
 <images/image4.PNG, id=102, 682.04813pt x 317.68687pt>
File: images/image4.PNG Graphic file (type png)

<use images/image4.PNG>
Package pdftex.def Info: images/image4.PNG used on input line 213.
(pdftex.def)             Requested size: 312.98622pt x 142.26941pt.
 <images/image5.PNG, id=103, 650.43pt x 307.90031pt>
File: images/image5.PNG Graphic file (type png)

<use images/image5.PNG>
Package pdftex.def Info: images/image5.PNG used on input line 219.
(pdftex.def)             Requested size: 312.98691pt x 142.26541pt.
 <images/image6.PNG, id=104, 677.53125pt x 308.65312pt>
File: images/image6.PNG Graphic file (type png)

<use images/image6.PNG>
Package pdftex.def Info: images/image6.PNG used on input line 225.
(pdftex.def)             Requested size: 312.99146pt x 142.26472pt.
 <images/image7.PNG, id=105, 661.72218pt x 321.45094pt>
File: images/image7.PNG Graphic file (type png)

<use images/image7.PNG>
Package pdftex.def Info: images/image7.PNG used on input line 231.
(pdftex.def)             Requested size: 312.9784pt x 142.26778pt.
 <images/image8.PNG, id=106, 683.55376pt x 311.66437pt>
File: images/image8.PNG Graphic file (type png)

<use images/image8.PNG>
Package pdftex.def Info: images/image8.PNG used on input line 237.
(pdftex.def)             Requested size: 312.98875pt x 142.26404pt.
 <images/image9.PNG, id=107, 686.565pt x 318.43968pt>
File: images/image9.PNG Graphic file (type png)

<use images/image9.PNG>
Package pdftex.def Info: images/image9.PNG used on input line 243.
(pdftex.def)             Requested size: 312.97423pt x 142.26157pt.
 <images/image10.PNG, id=108, 665.48625pt x 301.8778pt>
File: images/image10.PNG Graphic file (type png)

<use images/image10.PNG>
Package pdftex.def Info: images/image10.PNG used on input line 249.
(pdftex.def)             Requested size: 312.98166pt x 142.2603pt.
 [17] [18 <./images/image11.PNG>] [19 <./images/image12.PNG> <./images/image1.P
NG>] [20 <./images/image2.PNG> <./images/image3.PNG> <./images/image4.PNG>] [21
 <./images/image5.PNG> <./images/image6.PNG> <./images/image7.PNG>] [22 <./imag
es/image8.PNG> <./images/image9.PNG> <./images/image10.PNG>]
Chapter 5.
[23

]
Underfull \hbox (badness 10000) in paragraph at lines 261--261
[]\OT1/cmr/m/n/12 Participant
 []


Underfull \hbox (badness 3861) in paragraph at lines 265--265
[]\OT1/cmr/m/n/12 PhD, Botany and Plant
 []


Underfull \hbox (badness 10000) in paragraph at lines 268--268
[]\OT1/cmr/m/n/12 Masters, Elec-tri-cal and
 []


Overfull \hbox (46.79716pt too wide) in paragraph at lines 259--271
[][] 
 []

[24] [25] [26]
Missing character: There is no Â in font cmr12!
Missing character: There is no ­ in font cmr12!
Missing character: There is no â in font cmr12!
Missing character: There is no € in font cmr12!
Missing character: There is no ™ in font cmr12!
Missing character: There is no â in font cmr12!
Missing character: There is no € in font cmr12!
Missing character: There is no ™ in font cmr12!
 [27]
Chapter 6.

Overfull \hbox (20.79716pt too wide) in paragraph at lines 311--322
[][] 
 []

[28

]
Overfull \hbox (20.79716pt too wide) in paragraph at lines 327--338
[][] 
 []

[29]
Overfull \hbox (20.79716pt too wide) in paragraph at lines 343--354
[][] 
 []

[30]
Overfull \hbox (20.79716pt too wide) in paragraph at lines 359--370
[][] 
 []

[31]
Overfull \hbox (20.79716pt too wide) in paragraph at lines 378--389
[][] 
 []

[32]
Overfull \hbox (20.79716pt too wide) in paragraph at lines 394--405
[][] 
 []


Overfull \hbox (20.79716pt too wide) in paragraph at lines 410--421
[][] 
 []

[33]
Overfull \hbox (20.79716pt too wide) in paragraph at lines 426--437
[][] 
 []

[34]
Overfull \hbox (20.79716pt too wide) in paragraph at lines 448--460
[][] 
 []


Overfull \hbox (20.79716pt too wide) in paragraph at lines 465--476
[][] 
 []

[35]
Overfull \hbox (20.79716pt too wide) in paragraph at lines 481--492
[][] 
 []

[36]
Overfull \hbox (20.79716pt too wide) in paragraph at lines 497--508
[][] 
 []


Overfull \hbox (20.79716pt too wide) in paragraph at lines 516--527
[][] 
 []

[37]
Overfull \hbox (20.79716pt too wide) in paragraph at lines 532--543
[][] 
 []

[38]
Overfull \hbox (20.79716pt too wide) in paragraph at lines 548--558
[][] 
 []

[39]
Overfull \hbox (20.79716pt too wide) in paragraph at lines 563--575
[][] 
 []

[40] [41] [42] [43] [44] <images/metric.png, id=210, 647.41875pt x 383.4325pt>
File: images/metric.png Graphic file (type png)

<use images/metric.png>
Package pdftex.def Info: images/metric.png used on input line 647.
(pdftex.def)             Requested size: 312.9802pt x 199.16957pt.
 [45] [46 <./images/metric.png>]
Chapter 7.
(./thesis.bbl [47

] [48

]) [49] [50

] (./thesis.aux) ) 
Here is how much of TeX's memory you used:
 1947 strings out of 494985
 27100 string characters out of 6180356
 88269 words of memory out of 5000000
 5111 multiletter control sequences out of 15000+600000
 7434 words of font info for 27 fonts, out of 8000000 for 9000
 36 hyphenation exceptions out of 8191
 37i,9n,23p,2293b,246s stack positions out of 5000i,500n,10000p,200000b,80000s
</usr/share/texlive/texmf-dist/fonts/type1/public/amsfonts/cm
/cmbx12.pfb></usr/share/texlive/texmf-dist/fonts/type1/public/amsfonts/cm/cmr12
.pfb></usr/share/texlive/texmf-dist/fonts/type1/public/amsfonts/cm/cmsy10.pfb><
/usr/share/texlive/texmf-dist/fonts/type1/public/amsfonts/cm/cmti12.pfb>
Output written on thesis.pdf (60 pages, 1464678 bytes).
PDF statistics:
 248 PDF objects out of 1000 (max. 8388607)
 147 compressed objects within 2 object streams
 0 named destinations out of 1000 (max. 500000)
 101 words of extra memory for PDF output out of 10000 (max. 10000000)

