\BOOKMARK [0][-]{chapter.1}{Introduction}{}% 1
\BOOKMARK [1][-]{section.1.1}{Why Data Visualizations}{chapter.1}% 2
\BOOKMARK [0][-]{chapter.2}{Related Work}{}% 3
\BOOKMARK [1][-]{section.2.1}{Experience of Developers}{chapter.2}% 4
\BOOKMARK [1][-]{section.2.2}{Geography of Developers}{chapter.2}% 5
\BOOKMARK [0][-]{chapter.3}{Data Gathering and Processing}{}% 6
\BOOKMARK [1][-]{section.3.1}{Services provided}{chapter.3}% 7
\BOOKMARK [1][-]{section.3.2}{Task at hand}{chapter.3}% 8
\BOOKMARK [0][-]{chapter.4}{Methodology}{}% 9
\BOOKMARK [1][-]{section.4.1}{The Organizations}{chapter.4}% 10
\BOOKMARK [1][-]{section.4.2}{Why the 5 projects}{chapter.4}% 11
\BOOKMARK [1][-]{section.4.3}{Dataset}{chapter.4}% 12
\BOOKMARK [1][-]{section.4.4}{D3.js}{chapter.4}% 13
\BOOKMARK [1][-]{section.4.5}{Experimental Designs}{chapter.4}% 14
\BOOKMARK [2][-]{subsection.4.5.1}{Bitergia's Implementations}{section.4.5}% 15
\BOOKMARK [2][-]{subsection.4.5.2}{Our Implementations}{section.4.5}% 16
\BOOKMARK [0][-]{chapter.5}{Evaluation}{}% 17
\BOOKMARK [1][-]{section.5.1}{Participants}{chapter.5}% 18
\BOOKMARK [1][-]{section.5.2}{Study Session}{chapter.5}% 19
\BOOKMARK [1][-]{section.5.3}{Evaluation Metrics}{chapter.5}% 20
\BOOKMARK [1][-]{section.5.4}{Code Application}{chapter.5}% 21
\BOOKMARK [0][-]{chapter.6}{Results}{}% 22
\BOOKMARK [1][-]{section.6.1}{Task Performance}{chapter.6}% 23
\BOOKMARK [1][-]{section.6.2}{Focus Group Data Analysis}{chapter.6}% 24
\BOOKMARK [1][-]{section.6.3}{Metric Frequency for each Scenario}{chapter.6}% 25
\BOOKMARK [0][-]{chapter.7}{Threats to Validity}{}% 26
\BOOKMARK [1][-]{section.7.1}{Internal Threats}{chapter.7}% 27
\BOOKMARK [1][-]{section.7.2}{External Threats}{chapter.7}% 28
\BOOKMARK [1][-]{section.7.3}{Reliability Threats}{chapter.7}% 29
\BOOKMARK [0][-]{chapter.8}{Summary}{}% 30
\BOOKMARK [0][-]{chapter.8}{Bibliography}{}% 31
\BOOKMARK [0][-]{Appendix.a.A}{Task Responses}{}% 32
